[debug] [2023-09-09T03:02:33.343Z] ----------------------------------------------------------------------
[debug] [2023-09-09T03:02:33.344Z] Command:       /usr/local/bin/node /usr/local/bin/firebase use --add
[debug] [2023-09-09T03:02:33.344Z] CLI Version:   12.5.3
[debug] [2023-09-09T03:02:33.345Z] Platform:      darwin
[debug] [2023-09-09T03:02:33.345Z] Node Version:  v16.13.1
[debug] [2023-09-09T03:02:33.346Z] Time:          Fri Sep 08 2023 22:02:33 GMT-0500 (Central Daylight Time)
[debug] [2023-09-09T03:02:33.346Z] ----------------------------------------------------------------------
[debug] 
[debug] [2023-09-09T03:02:33.376Z] > command requires scopes: ["email","openid","https://www.googleapis.com/auth/cloudplatformprojects.readonly","https://www.googleapis.com/auth/firebase","https://www.googleapis.com/auth/cloud-platform"]
[debug] [2023-09-09T03:02:33.376Z] > authorizing via signed-in user (andrewruesgaromar@gmail.com)
[debug] [2023-09-09T03:02:33.377Z] > refreshing access token with scopes: []
[debug] [2023-09-09T03:02:33.378Z] >>> [apiv2][query] POST https://www.googleapis.com/oauth2/v3/token [none]
[debug] [2023-09-09T03:02:33.378Z] >>> [apiv2][body] POST https://www.googleapis.com/oauth2/v3/token [omitted]
[debug] [2023-09-09T03:02:33.552Z] <<< [apiv2][status] POST https://www.googleapis.com/oauth2/v3/token 400
[debug] [2023-09-09T03:02:33.553Z] <<< [apiv2][body] POST https://www.googleapis.com/oauth2/v3/token [omitted]
[debug] [2023-09-09T03:02:33.554Z] >>> [apiv2][query] GET https://firebase.googleapis.com/v1beta1/projects pageSize=1000
[debug] [2023-09-09T03:02:33.671Z] <<< [apiv2][status] GET https://firebase.googleapis.com/v1beta1/projects 401
[debug] [2023-09-09T03:02:33.671Z] <<< [apiv2][body] GET https://firebase.googleapis.com/v1beta1/projects [omitted]
[debug] [2023-09-09T03:02:33.673Z] HTTP Error: 401, Request had invalid authentication credentials. Expected OAuth 2 access token, login cookie or other valid authentication credential. See https://developers.google.com/identity/sign-in/web/devconsole-project.
[debug] [2023-09-09T03:02:33.918Z] FirebaseError: HTTP Error: 401, Request had invalid authentication credentials. Expected OAuth 2 access token, login cookie or other valid authentication credential. See https://developers.google.com/identity/sign-in/web/devconsole-project.
    at responseToError (/usr/local/lib/node_modules/firebase-tools/lib/responseToError.js:49:12)
    at RetryOperation._fn (/usr/local/lib/node_modules/firebase-tools/lib/apiv2.js:285:77)
    at processTicksAndRejections (node:internal/process/task_queues:96:5)
[error] 
[error] Error: Failed to list Firebase projects. See firebase-debug.log for more info.
